<?xml version="1.0" encoding="UTF-8"?>
<testng-results ignored="0" total="1" passed="1" failed="0" skipped="0">
  <reporter-output>
  </reporter-output>
  <suite started-at="2024-03-18T18:43:14 IST" name="Default suite" finished-at="2024-03-18T18:43:26 IST" duration-ms="11461">
    <groups>
    </groups>
    <test started-at="2024-03-18T18:43:14 IST" name="Default test" finished-at="2024-03-18T18:43:26 IST" duration-ms="11461">
      <class name="Flight.testcases.HomePageTestCase">
        <test-method is-config="true" signature="setUp()[pri:0, instance:Flight.testcases.HomePageTestCase@7161d8d1]" started-at="2024-03-18T18:43:14 IST" name="setUp" finished-at="2024-03-18T18:43:24 IST" duration-ms="10265" status="PASS">
          <reporter-output>
          </reporter-output>
        </test-method> <!-- setUp -->
        <test-method signature="returnCalenderUsingDataProvider()[pri:0, instance:Flight.testcases.HomePageTestCase@7161d8d1]" started-at="2024-03-18T18:43:24 IST" name="returnCalenderUsingDataProvider" finished-at="2024-03-18T18:43:25 IST" duration-ms="579" status="PASS">
          <reporter-output>
          </reporter-output>
        </test-method> <!-- returnCalenderUsingDataProvider -->
        <test-method is-config="true" signature="teardown()[pri:0, instance:Flight.testcases.HomePageTestCase@7161d8d1]" started-at="2024-03-18T18:43:25 IST" name="teardown" finished-at="2024-03-18T18:43:26 IST" duration-ms="574" status="PASS">
          <reporter-output>
          </reporter-output>
        </test-method> <!-- teardown -->
      </class> <!-- Flight.testcases.HomePageTestCase -->
    </test> <!-- Default test -->
  </suite> <!-- Default suite -->
</testng-results>
